[0.405s] DEBUG:colcon:Command line arguments: ['/usr/bin/colcon', 'build']
[0.405s] DEBUG:colcon:Parsed command line arguments: Namespace(log_base=None, log_level=None, verb_name='build', build_base='build', install_base='install', merge_install=False, symlink_install=False, test_result_base=None, continue_on_error=False, executor='parallel', parallel_workers=12, event_handlers=None, ignore_user_meta=False, metas=['./colcon.meta'], base_paths=['.'], packages_ignore=None, packages_ignore_regex=None, paths=None, packages_up_to=None, packages_up_to_regex=None, packages_above=None, packages_above_and_dependencies=None, packages_above_depth=None, packages_select_by_dep=None, packages_skip_by_dep=None, packages_skip_up_to=None, packages_select_build_failed=False, packages_skip_build_finished=False, packages_select_test_failures=False, packages_skip_test_passed=False, packages_select=None, packages_skip=None, packages_select_regex=None, packages_skip_regex=None, packages_start=None, packages_end=None, allow_overriding=[], cmake_args=None, cmake_target=None, cmake_target_skip_unavailable=False, cmake_clean_cache=False, cmake_clean_first=False, cmake_force_configure=False, ament_cmake_args=None, catkin_cmake_args=None, catkin_skip_building_tests=False, mixin_files=None, mixin=None, verb_parser=<colcon_mixin.mixin.mixin_argument.MixinArgumentDecorator object at 0x7d4e2ab80500>, verb_extension=<colcon_core.verb.build.BuildVerb object at 0x7d4e2ab80140>, main=<bound method BuildVerb.main of <colcon_core.verb.build.BuildVerb object at 0x7d4e2ab80140>>, mixin_verb=('build',))
[0.548s] Level 1:colcon.colcon_core.package_discovery:discover_packages(colcon_meta) check parameters
[0.549s] Level 1:colcon.colcon_core.package_discovery:discover_packages(recursive) check parameters
[0.549s] Level 1:colcon.colcon_core.package_discovery:discover_packages(ignore) check parameters
[0.549s] Level 1:colcon.colcon_core.package_discovery:discover_packages(path) check parameters
[0.549s] Level 1:colcon.colcon_core.package_discovery:discover_packages(colcon_meta) discover
[0.549s] Level 1:colcon.colcon_core.package_discovery:discover_packages(recursive) discover
[0.550s] INFO:colcon.colcon_core.package_discovery:Crawling recursively for packages in '/home/abel/CODE/AAiT/robotics/UR5_with_ros_moveit/src/lab_3'
[0.550s] Level 1:colcon.colcon_core.package_identification:_identify(.) by extensions ['ignore', 'ignore_ament_install']
[0.550s] Level 1:colcon.colcon_core.package_identification:_identify(.) by extension 'ignore'
[0.551s] Level 1:colcon.colcon_core.package_identification:_identify(.) by extension 'ignore_ament_install'
[0.551s] Level 1:colcon.colcon_core.package_identification:_identify(.) by extensions ['colcon_pkg']
[0.551s] Level 1:colcon.colcon_core.package_identification:_identify(.) by extension 'colcon_pkg'
[0.551s] Level 1:colcon.colcon_core.package_identification:_identify(.) by extensions ['colcon_meta']
[0.551s] Level 1:colcon.colcon_core.package_identification:_identify(.) by extension 'colcon_meta'
[0.551s] Level 1:colcon.colcon_core.package_identification:_identify(.) by extensions ['ros']
[0.551s] Level 1:colcon.colcon_core.package_identification:_identify(.) by extension 'ros'
[0.645s] DEBUG:colcon.colcon_core.package_identification:Package '.' with type 'ros.ament_python' and name 'lab_3'
[0.645s] Level 1:colcon.colcon_core.package_discovery:discover_packages(recursive) using defaults
[0.645s] Level 1:colcon.colcon_core.package_discovery:discover_packages(ignore) discover
[0.645s] Level 1:colcon.colcon_core.package_discovery:discover_packages(ignore) using defaults
[0.645s] Level 1:colcon.colcon_core.package_discovery:discover_packages(path) discover
[0.645s] Level 1:colcon.colcon_core.package_discovery:discover_packages(path) using defaults
[0.701s] Level 1:colcon.colcon_core.package_discovery:discover_packages(prefix_path) check parameters
[0.702s] Level 1:colcon.colcon_core.package_discovery:discover_packages(prefix_path) discover
[0.715s] DEBUG:colcon.colcon_installed_package_information.package_discovery:Found 321 installed packages in /opt/ros/jazzy
[0.720s] Level 1:colcon.colcon_core.package_discovery:discover_packages(prefix_path) using defaults
[0.849s] Level 5:colcon.colcon_core.verb:set package 'lab_3' build argument 'cmake_args' from command line to 'None'
[0.849s] Level 5:colcon.colcon_core.verb:set package 'lab_3' build argument 'cmake_target' from command line to 'None'
[0.849s] Level 5:colcon.colcon_core.verb:set package 'lab_3' build argument 'cmake_target_skip_unavailable' from command line to 'False'
[0.849s] Level 5:colcon.colcon_core.verb:set package 'lab_3' build argument 'cmake_clean_cache' from command line to 'False'
[0.849s] Level 5:colcon.colcon_core.verb:set package 'lab_3' build argument 'cmake_clean_first' from command line to 'False'
[0.849s] Level 5:colcon.colcon_core.verb:set package 'lab_3' build argument 'cmake_force_configure' from command line to 'False'
[0.849s] Level 5:colcon.colcon_core.verb:set package 'lab_3' build argument 'ament_cmake_args' from command line to 'None'
[0.849s] Level 5:colcon.colcon_core.verb:set package 'lab_3' build argument 'catkin_cmake_args' from command line to 'None'
[0.849s] Level 5:colcon.colcon_core.verb:set package 'lab_3' build argument 'catkin_skip_building_tests' from command line to 'False'
[0.850s] DEBUG:colcon.colcon_core.verb:Building package 'lab_3' with the following arguments: {'ament_cmake_args': None, 'build_base': '/home/abel/CODE/AAiT/robotics/UR5_with_ros_moveit/src/lab_3/build/lab_3', 'catkin_cmake_args': None, 'catkin_skip_building_tests': False, 'cmake_args': None, 'cmake_clean_cache': False, 'cmake_clean_first': False, 'cmake_force_configure': False, 'cmake_target': None, 'cmake_target_skip_unavailable': False, 'install_base': '/home/abel/CODE/AAiT/robotics/UR5_with_ros_moveit/src/lab_3/install/lab_3', 'merge_install': False, 'path': '/home/abel/CODE/AAiT/robotics/UR5_with_ros_moveit/src/lab_3', 'symlink_install': False, 'test_result_base': None}
[0.850s] INFO:colcon.colcon_core.executor:Executing jobs using 'parallel' executor
[0.852s] DEBUG:colcon.colcon_parallel_executor.executor.parallel:run_until_complete
[0.853s] INFO:colcon.colcon_ros.task.ament_python.build:Building ROS package in '/home/abel/CODE/AAiT/robotics/UR5_with_ros_moveit/src/lab_3' with build type 'ament_python'
[0.853s] Level 1:colcon.colcon_core.shell:create_environment_hook('lab_3', 'ament_prefix_path')
[0.860s] INFO:colcon.colcon_core.plugin_system:Skipping extension 'colcon_core.shell.bat': Not used on non-Windows systems
[0.860s] INFO:colcon.colcon_core.shell:Creating environment hook '/home/abel/CODE/AAiT/robotics/UR5_with_ros_moveit/src/lab_3/install/lab_3/share/lab_3/hook/ament_prefix_path.ps1'
[0.867s] INFO:colcon.colcon_core.shell:Creating environment descriptor '/home/abel/CODE/AAiT/robotics/UR5_with_ros_moveit/src/lab_3/install/lab_3/share/lab_3/hook/ament_prefix_path.dsv'
[0.871s] INFO:colcon.colcon_core.shell:Creating environment hook '/home/abel/CODE/AAiT/robotics/UR5_with_ros_moveit/src/lab_3/install/lab_3/share/lab_3/hook/ament_prefix_path.sh'
[0.874s] INFO:colcon.colcon_core.shell:Skip shell extension 'powershell' for command environment: Not usable outside of PowerShell
[0.875s] DEBUG:colcon.colcon_core.shell:Skip shell extension 'dsv' for command environment
[1.744s] INFO:colcon.colcon_core.task.python.build:Building Python package in '/home/abel/CODE/AAiT/robotics/UR5_with_ros_moveit/src/lab_3'
[1.744s] INFO:colcon.colcon_core.shell:Skip shell extension 'powershell' for command environment: Not usable outside of PowerShell
[1.745s] DEBUG:colcon.colcon_core.shell:Skip shell extension 'dsv' for command environment
[3.239s] DEBUG:colcon.colcon_core.event_handler.log_command:Invoking command in '/home/abel/CODE/AAiT/robotics/UR5_with_ros_moveit/src/lab_3': DEBUGINFOD_URLS=https://debuginfod.ubuntu.com PYTHONPATH=/home/abel/CODE/AAiT/robotics/UR5_with_ros_moveit/src/lab_3/build/lab_3/prefix_override:/usr/lib/python3/dist-packages/colcon_core/task/python/colcon_distutils_commands:/home/abel/CODE/AAiT/robotics/UR5_with_ros_moveit/src/lab_3/install/lab_3/lib/python3.12/site-packages:${PYTHONPATH} /usr/bin/python3 -W ignore:setup.py install is deprecated -W ignore:easy_install command is deprecated setup.py egg_info --egg-base build/lab_3 build --build-base /home/abel/CODE/AAiT/robotics/UR5_with_ros_moveit/src/lab_3/build/lab_3/build install --record /home/abel/CODE/AAiT/robotics/UR5_with_ros_moveit/src/lab_3/build/lab_3/install.log --single-version-externally-managed install_data
[4.328s] DEBUG:colcon.colcon_core.event_handler.log_command:Invoked command in '/home/abel/CODE/AAiT/robotics/UR5_with_ros_moveit/src/lab_3' returned '0': DEBUGINFOD_URLS=https://debuginfod.ubuntu.com PYTHONPATH=/home/abel/CODE/AAiT/robotics/UR5_with_ros_moveit/src/lab_3/build/lab_3/prefix_override:/usr/lib/python3/dist-packages/colcon_core/task/python/colcon_distutils_commands:/home/abel/CODE/AAiT/robotics/UR5_with_ros_moveit/src/lab_3/install/lab_3/lib/python3.12/site-packages:${PYTHONPATH} /usr/bin/python3 -W ignore:setup.py install is deprecated -W ignore:easy_install command is deprecated setup.py egg_info --egg-base build/lab_3 build --build-base /home/abel/CODE/AAiT/robotics/UR5_with_ros_moveit/src/lab_3/build/lab_3/build install --record /home/abel/CODE/AAiT/robotics/UR5_with_ros_moveit/src/lab_3/build/lab_3/install.log --single-version-externally-managed install_data
[4.334s] Level 1:colcon.colcon_core.environment:checking '/home/abel/CODE/AAiT/robotics/UR5_with_ros_moveit/src/lab_3/install/lab_3' for CMake module files
[4.335s] Level 1:colcon.colcon_core.environment:checking '/home/abel/CODE/AAiT/robotics/UR5_with_ros_moveit/src/lab_3/install/lab_3' for CMake config files
[4.336s] Level 1:colcon.colcon_core.environment:checking '/home/abel/CODE/AAiT/robotics/UR5_with_ros_moveit/src/lab_3/install/lab_3/lib'
[4.337s] Level 1:colcon.colcon_core.environment:checking '/home/abel/CODE/AAiT/robotics/UR5_with_ros_moveit/src/lab_3/install/lab_3/bin'
[4.337s] Level 1:colcon.colcon_core.environment:checking '/home/abel/CODE/AAiT/robotics/UR5_with_ros_moveit/src/lab_3/install/lab_3/lib/pkgconfig/lab_3.pc'
[4.337s] Level 1:colcon.colcon_core.environment:checking '/home/abel/CODE/AAiT/robotics/UR5_with_ros_moveit/src/lab_3/install/lab_3/lib/python3.12/site-packages'
[4.338s] Level 1:colcon.colcon_core.shell:create_environment_hook('lab_3', 'pythonpath')
[4.338s] INFO:colcon.colcon_core.shell:Creating environment hook '/home/abel/CODE/AAiT/robotics/UR5_with_ros_moveit/src/lab_3/install/lab_3/share/lab_3/hook/pythonpath.ps1'
[4.339s] INFO:colcon.colcon_core.shell:Creating environment descriptor '/home/abel/CODE/AAiT/robotics/UR5_with_ros_moveit/src/lab_3/install/lab_3/share/lab_3/hook/pythonpath.dsv'
[4.339s] INFO:colcon.colcon_core.shell:Creating environment hook '/home/abel/CODE/AAiT/robotics/UR5_with_ros_moveit/src/lab_3/install/lab_3/share/lab_3/hook/pythonpath.sh'
[4.340s] Level 1:colcon.colcon_core.environment:checking '/home/abel/CODE/AAiT/robotics/UR5_with_ros_moveit/src/lab_3/install/lab_3/bin'
[4.340s] Level 1:colcon.colcon_core.environment:create_environment_scripts_only(lab_3)
[4.341s] INFO:colcon.colcon_core.shell:Creating package script '/home/abel/CODE/AAiT/robotics/UR5_with_ros_moveit/src/lab_3/install/lab_3/share/lab_3/package.ps1'
[4.342s] INFO:colcon.colcon_core.shell:Creating package descriptor '/home/abel/CODE/AAiT/robotics/UR5_with_ros_moveit/src/lab_3/install/lab_3/share/lab_3/package.dsv'
[4.343s] INFO:colcon.colcon_core.shell:Creating package script '/home/abel/CODE/AAiT/robotics/UR5_with_ros_moveit/src/lab_3/install/lab_3/share/lab_3/package.sh'
[4.345s] INFO:colcon.colcon_core.shell:Creating package script '/home/abel/CODE/AAiT/robotics/UR5_with_ros_moveit/src/lab_3/install/lab_3/share/lab_3/package.bash'
[4.346s] INFO:colcon.colcon_core.shell:Creating package script '/home/abel/CODE/AAiT/robotics/UR5_with_ros_moveit/src/lab_3/install/lab_3/share/lab_3/package.zsh'
[4.348s] Level 1:colcon.colcon_core.environment:create_file_with_runtime_dependencies(/home/abel/CODE/AAiT/robotics/UR5_with_ros_moveit/src/lab_3/install/lab_3/share/colcon-core/packages/lab_3)
[4.348s] DEBUG:colcon.colcon_parallel_executor.executor.parallel:closing loop
[4.349s] DEBUG:colcon.colcon_parallel_executor.executor.parallel:loop closed
[4.349s] DEBUG:colcon.colcon_parallel_executor.executor.parallel:run_until_complete finished with '0'
[4.349s] DEBUG:colcon.colcon_core.event_reactor:joining thread
[4.359s] INFO:colcon.colcon_core.plugin_system:Skipping extension 'colcon_notification.desktop_notification.terminal_notifier': Not used on non-Darwin systems
[4.359s] INFO:colcon.colcon_core.plugin_system:Skipping extension 'colcon_notification.desktop_notification.win32': Not used on non-Windows systems
[4.359s] INFO:colcon.colcon_notification.desktop_notification:Sending desktop notification using 'notify2'
[4.402s] DEBUG:colcon.colcon_core.event_reactor:joined thread
[4.403s] INFO:colcon.colcon_core.shell:Creating prefix script '/home/abel/CODE/AAiT/robotics/UR5_with_ros_moveit/src/lab_3/install/local_setup.ps1'
[4.404s] INFO:colcon.colcon_core.shell:Creating prefix util module '/home/abel/CODE/AAiT/robotics/UR5_with_ros_moveit/src/lab_3/install/_local_setup_util_ps1.py'
[4.406s] INFO:colcon.colcon_core.shell:Creating prefix chain script '/home/abel/CODE/AAiT/robotics/UR5_with_ros_moveit/src/lab_3/install/setup.ps1'
[4.407s] INFO:colcon.colcon_core.shell:Creating prefix script '/home/abel/CODE/AAiT/robotics/UR5_with_ros_moveit/src/lab_3/install/local_setup.sh'
[4.408s] INFO:colcon.colcon_core.shell:Creating prefix util module '/home/abel/CODE/AAiT/robotics/UR5_with_ros_moveit/src/lab_3/install/_local_setup_util_sh.py'
[4.409s] INFO:colcon.colcon_core.shell:Creating prefix chain script '/home/abel/CODE/AAiT/robotics/UR5_with_ros_moveit/src/lab_3/install/setup.sh'
[4.411s] INFO:colcon.colcon_core.shell:Creating prefix script '/home/abel/CODE/AAiT/robotics/UR5_with_ros_moveit/src/lab_3/install/local_setup.bash'
[4.411s] INFO:colcon.colcon_core.shell:Creating prefix chain script '/home/abel/CODE/AAiT/robotics/UR5_with_ros_moveit/src/lab_3/install/setup.bash'
[4.412s] INFO:colcon.colcon_core.shell:Creating prefix script '/home/abel/CODE/AAiT/robotics/UR5_with_ros_moveit/src/lab_3/install/local_setup.zsh'
[4.413s] INFO:colcon.colcon_core.shell:Creating prefix chain script '/home/abel/CODE/AAiT/robotics/UR5_with_ros_moveit/src/lab_3/install/setup.zsh'
