running egg_info
creating ../../build/lab_3/lab_3.egg-info
writing ../../build/lab_3/lab_3.egg-info/PKG-INFO
writing dependency_links to ../../build/lab_3/lab_3.egg-info/dependency_links.txt
writing requirements to ../../build/lab_3/lab_3.egg-info/requires.txt
writing top-level names to ../../build/lab_3/lab_3.egg-info/top_level.txt
writing manifest file '../../build/lab_3/lab_3.egg-info/SOURCES.txt'
reading manifest file '../../build/lab_3/lab_3.egg-info/SOURCES.txt'
adding license file 'LICENSE'
writing manifest file '../../build/lab_3/lab_3.egg-info/SOURCES.txt'
running build
running build_py
creating /home/abel/CODE/AAiT/robotics/UR5_with_ros_moveit/build/lab_3/build
creating /home/abel/CODE/AAiT/robotics/UR5_with_ros_moveit/build/lab_3/build/lib
creating /home/abel/CODE/AAiT/robotics/UR5_with_ros_moveit/build/lab_3/build/lib/lab_3
copying lab_3/__init__.py -> /home/abel/CODE/AAiT/robotics/UR5_with_ros_moveit/build/lab_3/build/lib/lab_3
running install
running install_lib
creating /home/abel/CODE/AAiT/robotics/UR5_with_ros_moveit/install/lab_3/lib/python3.12/site-packages/lab_3
copying /home/abel/CODE/AAiT/robotics/UR5_with_ros_moveit/build/lab_3/build/lib/lab_3/__init__.py -> /home/abel/CODE/AAiT/robotics/UR5_with_ros_moveit/install/lab_3/lib/python3.12/site-packages/lab_3
byte-compiling /home/abel/CODE/AAiT/robotics/UR5_with_ros_moveit/install/lab_3/lib/python3.12/site-packages/lab_3/__init__.py to __init__.cpython-312.pyc
running install_data
creating /home/abel/CODE/AAiT/robotics/UR5_with_ros_moveit/install/lab_3/share/ament_index
creating /home/abel/CODE/AAiT/robotics/UR5_with_ros_moveit/install/lab_3/share/ament_index/resource_index
creating /home/abel/CODE/AAiT/robotics/UR5_with_ros_moveit/install/lab_3/share/ament_index/resource_index/packages
copying resource/lab_3 -> /home/abel/CODE/AAiT/robotics/UR5_with_ros_moveit/install/lab_3/share/ament_index/resource_index/packages
copying package.xml -> /home/abel/CODE/AAiT/robotics/UR5_with_ros_moveit/install/lab_3/share/lab_3
running install_egg_info
Copying ../../build/lab_3/lab_3.egg-info to /home/abel/CODE/AAiT/robotics/UR5_with_ros_moveit/install/lab_3/lib/python3.12/site-packages/lab_3-0.0.0-py3.12.egg-info
running install_scripts
writing list of installed files to '/home/abel/CODE/AAiT/robotics/UR5_with_ros_moveit/build/lab_3/install.log'
