[1.754s] Invoking command in '/home/abel/CODE/AAiT/robotics/UR5_with_ros_moveit/src/robot_arm_urdf': DEBUGINFOD_URLS=https://debuginfod.ubuntu.com PYTHONPATH=/home/abel/CODE/AAiT/robotics/UR5_with_ros_moveit/build/robot_arm_urdf/prefix_override:/usr/lib/python3/dist-packages/colcon_core/task/python/colcon_distutils_commands:/home/abel/CODE/AAiT/robotics/UR5_with_ros_moveit/install/robot_arm_urdf/lib/python3.12/site-packages:${PYTHONPATH} /usr/bin/python3 -W ignore:setup.py install is deprecated -W ignore:easy_install command is deprecated setup.py egg_info --egg-base ../../build/robot_arm_urdf build --build-base /home/abel/CODE/AAiT/robotics/UR5_with_ros_moveit/build/robot_arm_urdf/build install --record /home/abel/CODE/AAiT/robotics/UR5_with_ros_moveit/build/robot_arm_urdf/install.log --single-version-externally-managed install_data
[2.224s] running egg_info
[2.255s] writing ../../build/robot_arm_urdf/robot_arm_urdf.egg-info/PKG-INFO
[2.255s] writing dependency_links to ../../build/robot_arm_urdf/robot_arm_urdf.egg-info/dependency_links.txt
[2.256s] writing requirements to ../../build/robot_arm_urdf/robot_arm_urdf.egg-info/requires.txt
[2.256s] writing top-level names to ../../build/robot_arm_urdf/robot_arm_urdf.egg-info/top_level.txt
[2.330s] reading manifest file '../../build/robot_arm_urdf/robot_arm_urdf.egg-info/SOURCES.txt'
[2.331s] adding license file 'LICENSE'
[2.332s] writing manifest file '../../build/robot_arm_urdf/robot_arm_urdf.egg-info/SOURCES.txt'
[2.332s] running build
[2.332s] running build_py
[2.332s] running install
[2.344s] running install_lib
[2.374s] running install_data
[2.374s] running install_egg_info
[2.407s] removing '/home/abel/CODE/AAiT/robotics/UR5_with_ros_moveit/install/robot_arm_urdf/lib/python3.12/site-packages/robot_arm_urdf-0.0.0-py3.12.egg-info' (and everything under it)
[2.408s] Copying ../../build/robot_arm_urdf/robot_arm_urdf.egg-info to /home/abel/CODE/AAiT/robotics/UR5_with_ros_moveit/install/robot_arm_urdf/lib/python3.12/site-packages/robot_arm_urdf-0.0.0-py3.12.egg-info
[2.408s] running install_scripts
[2.729s] writing list of installed files to '/home/abel/CODE/AAiT/robotics/UR5_with_ros_moveit/build/robot_arm_urdf/install.log'
[2.792s] Invoked command in '/home/abel/CODE/AAiT/robotics/UR5_with_ros_moveit/src/robot_arm_urdf' returned '0': DEBUGINFOD_URLS=https://debuginfod.ubuntu.com PYTHONPATH=/home/abel/CODE/AAiT/robotics/UR5_with_ros_moveit/build/robot_arm_urdf/prefix_override:/usr/lib/python3/dist-packages/colcon_core/task/python/colcon_distutils_commands:/home/abel/CODE/AAiT/robotics/UR5_with_ros_moveit/install/robot_arm_urdf/lib/python3.12/site-packages:${PYTHONPATH} /usr/bin/python3 -W ignore:setup.py install is deprecated -W ignore:easy_install command is deprecated setup.py egg_info --egg-base ../../build/robot_arm_urdf build --build-base /home/abel/CODE/AAiT/robotics/UR5_with_ros_moveit/build/robot_arm_urdf/build install --record /home/abel/CODE/AAiT/robotics/UR5_with_ros_moveit/build/robot_arm_urdf/install.log --single-version-externally-managed install_data
