running egg_info
creating ../../build/robot_arm_urdf/robot_arm_urdf.egg-info
writing ../../build/robot_arm_urdf/robot_arm_urdf.egg-info/PKG-INFO
writing dependency_links to ../../build/robot_arm_urdf/robot_arm_urdf.egg-info/dependency_links.txt
writing requirements to ../../build/robot_arm_urdf/robot_arm_urdf.egg-info/requires.txt
writing top-level names to ../../build/robot_arm_urdf/robot_arm_urdf.egg-info/top_level.txt
writing manifest file '../../build/robot_arm_urdf/robot_arm_urdf.egg-info/SOURCES.txt'
reading manifest file '../../build/robot_arm_urdf/robot_arm_urdf.egg-info/SOURCES.txt'
adding license file 'LICENSE'
writing manifest file '../../build/robot_arm_urdf/robot_arm_urdf.egg-info/SOURCES.txt'
running build
running build_py
creating /home/abel/CODE/AAiT/robotics/UR5_with_ros_moveit/build/robot_arm_urdf/build
creating /home/abel/CODE/AAiT/robotics/UR5_with_ros_moveit/build/robot_arm_urdf/build/lib
creating /home/abel/CODE/AAiT/robotics/UR5_with_ros_moveit/build/robot_arm_urdf/build/lib/robot_arm_urdf
copying robot_arm_urdf/__init__.py -> /home/abel/CODE/AAiT/robotics/UR5_with_ros_moveit/build/robot_arm_urdf/build/lib/robot_arm_urdf
running install
running install_lib
creating /home/abel/CODE/AAiT/robotics/UR5_with_ros_moveit/install/robot_arm_urdf/lib/python3.12/site-packages/robot_arm_urdf
copying /home/abel/CODE/AAiT/robotics/UR5_with_ros_moveit/build/robot_arm_urdf/build/lib/robot_arm_urdf/__init__.py -> /home/abel/CODE/AAiT/robotics/UR5_with_ros_moveit/install/robot_arm_urdf/lib/python3.12/site-packages/robot_arm_urdf
byte-compiling /home/abel/CODE/AAiT/robotics/UR5_with_ros_moveit/install/robot_arm_urdf/lib/python3.12/site-packages/robot_arm_urdf/__init__.py to __init__.cpython-312.pyc
running install_data
creating /home/abel/CODE/AAiT/robotics/UR5_with_ros_moveit/install/robot_arm_urdf/share/ament_index
creating /home/abel/CODE/AAiT/robotics/UR5_with_ros_moveit/install/robot_arm_urdf/share/ament_index/resource_index
creating /home/abel/CODE/AAiT/robotics/UR5_with_ros_moveit/install/robot_arm_urdf/share/ament_index/resource_index/packages
copying resource/robot_arm_urdf -> /home/abel/CODE/AAiT/robotics/UR5_with_ros_moveit/install/robot_arm_urdf/share/ament_index/resource_index/packages
copying package.xml -> /home/abel/CODE/AAiT/robotics/UR5_with_ros_moveit/install/robot_arm_urdf/share/robot_arm_urdf
running install_egg_info
Copying ../../build/robot_arm_urdf/robot_arm_urdf.egg-info to /home/abel/CODE/AAiT/robotics/UR5_with_ros_moveit/install/robot_arm_urdf/lib/python3.12/site-packages/robot_arm_urdf-0.0.0-py3.12.egg-info
running install_scripts
writing list of installed files to '/home/abel/CODE/AAiT/robotics/UR5_with_ros_moveit/build/robot_arm_urdf/install.log'
