[1.783s] Invoking command in '/home/abel/CODE/AAiT/robotics/UR5_with_ros_moveit/src/lab_3': DEBUGINFOD_URLS=https://debuginfod.ubuntu.com PYTHONPATH=/home/abel/CODE/AAiT/robotics/UR5_with_ros_moveit/build/lab_3/prefix_override:/usr/lib/python3/dist-packages/colcon_core/task/python/colcon_distutils_commands:/home/abel/CODE/AAiT/robotics/UR5_with_ros_moveit/install/lab_3/lib/python3.12/site-packages:${PYTHONPATH} /usr/bin/python3 -W ignore:setup.py install is deprecated -W ignore:easy_install command is deprecated setup.py egg_info --egg-base ../../build/lab_3 build --build-base /home/abel/CODE/AAiT/robotics/UR5_with_ros_moveit/build/lab_3/build install --record /home/abel/CODE/AAiT/robotics/UR5_with_ros_moveit/build/lab_3/install.log --single-version-externally-managed install_data
[2.243s] running egg_info
[2.273s] writing ../../build/lab_3/lab_3.egg-info/PKG-INFO
[2.274s] writing dependency_links to ../../build/lab_3/lab_3.egg-info/dependency_links.txt
[2.274s] writing requirements to ../../build/lab_3/lab_3.egg-info/requires.txt
[2.274s] writing top-level names to ../../build/lab_3/lab_3.egg-info/top_level.txt
[2.337s] reading manifest file '../../build/lab_3/lab_3.egg-info/SOURCES.txt'
[2.338s] adding license file 'LICENSE'
[2.338s] writing manifest file '../../build/lab_3/lab_3.egg-info/SOURCES.txt'
[2.339s] running build
[2.339s] running build_py
[2.339s] running install
[2.351s] running install_lib
[2.380s] running install_data
[2.381s] running install_egg_info
[2.412s] removing '/home/abel/CODE/AAiT/robotics/UR5_with_ros_moveit/install/lab_3/lib/python3.12/site-packages/lab_3-0.0.0-py3.12.egg-info' (and everything under it)
[2.413s] Copying ../../build/lab_3/lab_3.egg-info to /home/abel/CODE/AAiT/robotics/UR5_with_ros_moveit/install/lab_3/lib/python3.12/site-packages/lab_3-0.0.0-py3.12.egg-info
[2.414s] running install_scripts
[2.689s] writing list of installed files to '/home/abel/CODE/AAiT/robotics/UR5_with_ros_moveit/build/lab_3/install.log'
[2.747s] Invoked command in '/home/abel/CODE/AAiT/robotics/UR5_with_ros_moveit/src/lab_3' returned '0': DEBUGINFOD_URLS=https://debuginfod.ubuntu.com PYTHONPATH=/home/abel/CODE/AAiT/robotics/UR5_with_ros_moveit/build/lab_3/prefix_override:/usr/lib/python3/dist-packages/colcon_core/task/python/colcon_distutils_commands:/home/abel/CODE/AAiT/robotics/UR5_with_ros_moveit/install/lab_3/lib/python3.12/site-packages:${PYTHONPATH} /usr/bin/python3 -W ignore:setup.py install is deprecated -W ignore:easy_install command is deprecated setup.py egg_info --egg-base ../../build/lab_3 build --build-base /home/abel/CODE/AAiT/robotics/UR5_with_ros_moveit/build/lab_3/build install --record /home/abel/CODE/AAiT/robotics/UR5_with_ros_moveit/build/lab_3/install.log --single-version-externally-managed install_data
