[0.144s] DEBUG:colcon:Command line arguments: ['/usr/bin/colcon', 'build']
[0.144s] DEBUG:colcon:Parsed command line arguments: Namespace(log_base=None, log_level=None, verb_name='build', build_base='build', install_base='install', merge_install=False, symlink_install=False, test_result_base=None, continue_on_error=False, executor='parallel', parallel_workers=12, event_handlers=None, ignore_user_meta=False, metas=['./colcon.meta'], base_paths=['.'], packages_ignore=None, packages_ignore_regex=None, paths=None, packages_up_to=None, packages_up_to_regex=None, packages_above=None, packages_above_and_dependencies=None, packages_above_depth=None, packages_select_by_dep=None, packages_skip_by_dep=None, packages_skip_up_to=None, packages_select_build_failed=False, packages_skip_build_finished=False, packages_select_test_failures=False, packages_skip_test_passed=False, packages_select=None, packages_skip=None, packages_select_regex=None, packages_skip_regex=None, packages_start=None, packages_end=None, allow_overriding=[], cmake_args=None, cmake_target=None, cmake_target_skip_unavailable=False, cmake_clean_cache=False, cmake_clean_first=False, cmake_force_configure=False, ament_cmake_args=None, catkin_cmake_args=None, catkin_skip_building_tests=False, mixin_files=None, mixin=None, verb_parser=<colcon_mixin.mixin.mixin_argument.MixinArgumentDecorator object at 0x7722e38a1070>, verb_extension=<colcon_core.verb.build.BuildVerb object at 0x7722e38a0950>, main=<bound method BuildVerb.main of <colcon_core.verb.build.BuildVerb object at 0x7722e38a0950>>, mixin_verb=('build',))
[0.195s] Level 1:colcon.colcon_core.package_discovery:discover_packages(colcon_meta) check parameters
[0.196s] Level 1:colcon.colcon_core.package_discovery:discover_packages(recursive) check parameters
[0.196s] Level 1:colcon.colcon_core.package_discovery:discover_packages(ignore) check parameters
[0.196s] Level 1:colcon.colcon_core.package_discovery:discover_packages(path) check parameters
[0.196s] Level 1:colcon.colcon_core.package_discovery:discover_packages(colcon_meta) discover
[0.196s] Level 1:colcon.colcon_core.package_discovery:discover_packages(recursive) discover
[0.196s] INFO:colcon.colcon_core.package_discovery:Crawling recursively for packages in '/home/abel/CODE/AAiT/robotics/UR5_with_ros_moveit'
[0.196s] Level 1:colcon.colcon_core.package_identification:_identify(.) by extensions ['ignore', 'ignore_ament_install']
[0.196s] Level 1:colcon.colcon_core.package_identification:_identify(.) by extension 'ignore'
[0.196s] Level 1:colcon.colcon_core.package_identification:_identify(.) by extension 'ignore_ament_install'
[0.196s] Level 1:colcon.colcon_core.package_identification:_identify(.) by extensions ['colcon_pkg']
[0.196s] Level 1:colcon.colcon_core.package_identification:_identify(.) by extension 'colcon_pkg'
[0.196s] Level 1:colcon.colcon_core.package_identification:_identify(.) by extensions ['colcon_meta']
[0.196s] Level 1:colcon.colcon_core.package_identification:_identify(.) by extension 'colcon_meta'
[0.196s] Level 1:colcon.colcon_core.package_identification:_identify(.) by extensions ['ros']
[0.196s] Level 1:colcon.colcon_core.package_identification:_identify(.) by extension 'ros'
[0.235s] Level 1:colcon.colcon_core.package_identification:_identify(.) by extensions ['cmake', 'python']
[0.236s] Level 1:colcon.colcon_core.package_identification:_identify(.) by extension 'cmake'
[0.236s] Level 1:colcon.colcon_core.package_identification:_identify(.) by extension 'python'
[0.236s] Level 1:colcon.colcon_core.package_identification:_identify(.) by extensions ['python_setup_py']
[0.236s] Level 1:colcon.colcon_core.package_identification:_identify(.) by extension 'python_setup_py'
[0.236s] Level 1:colcon.colcon_core.package_identification:_identify(build) by extensions ['ignore', 'ignore_ament_install']
[0.236s] Level 1:colcon.colcon_core.package_identification:_identify(build) by extension 'ignore'
[0.236s] Level 1:colcon.colcon_core.package_identification:_identify(build) ignored
[0.236s] Level 1:colcon.colcon_core.package_identification:_identify(install) by extensions ['ignore', 'ignore_ament_install']
[0.236s] Level 1:colcon.colcon_core.package_identification:_identify(install) by extension 'ignore'
[0.237s] Level 1:colcon.colcon_core.package_identification:_identify(install) ignored
[0.237s] Level 1:colcon.colcon_core.package_identification:_identify(log) by extensions ['ignore', 'ignore_ament_install']
[0.237s] Level 1:colcon.colcon_core.package_identification:_identify(log) by extension 'ignore'
[0.237s] Level 1:colcon.colcon_core.package_identification:_identify(log) ignored
[0.237s] Level 1:colcon.colcon_core.package_identification:_identify(src) by extensions ['ignore', 'ignore_ament_install']
[0.237s] Level 1:colcon.colcon_core.package_identification:_identify(src) by extension 'ignore'
[0.237s] Level 1:colcon.colcon_core.package_identification:_identify(src) by extension 'ignore_ament_install'
[0.237s] Level 1:colcon.colcon_core.package_identification:_identify(src) by extensions ['colcon_pkg']
[0.237s] Level 1:colcon.colcon_core.package_identification:_identify(src) by extension 'colcon_pkg'
[0.237s] Level 1:colcon.colcon_core.package_identification:_identify(src) by extensions ['colcon_meta']
[0.237s] Level 1:colcon.colcon_core.package_identification:_identify(src) by extension 'colcon_meta'
[0.237s] Level 1:colcon.colcon_core.package_identification:_identify(src) by extensions ['ros']
[0.237s] Level 1:colcon.colcon_core.package_identification:_identify(src) by extension 'ros'
[0.237s] Level 1:colcon.colcon_core.package_identification:_identify(src) by extensions ['cmake', 'python']
[0.237s] Level 1:colcon.colcon_core.package_identification:_identify(src) by extension 'cmake'
[0.237s] Level 1:colcon.colcon_core.package_identification:_identify(src) by extension 'python'
[0.237s] Level 1:colcon.colcon_core.package_identification:_identify(src) by extensions ['python_setup_py']
[0.238s] Level 1:colcon.colcon_core.package_identification:_identify(src) by extension 'python_setup_py'
[0.238s] Level 1:colcon.colcon_core.package_identification:_identify(src/build) by extensions ['ignore', 'ignore_ament_install']
[0.238s] Level 1:colcon.colcon_core.package_identification:_identify(src/build) by extension 'ignore'
[0.238s] Level 1:colcon.colcon_core.package_identification:_identify(src/build) ignored
[0.238s] Level 1:colcon.colcon_core.package_identification:_identify(src/install) by extensions ['ignore', 'ignore_ament_install']
[0.238s] Level 1:colcon.colcon_core.package_identification:_identify(src/install) by extension 'ignore'
[0.238s] Level 1:colcon.colcon_core.package_identification:_identify(src/install) ignored
[0.238s] Level 1:colcon.colcon_core.package_identification:_identify(src/lab_3) by extensions ['ignore', 'ignore_ament_install']
[0.238s] Level 1:colcon.colcon_core.package_identification:_identify(src/lab_3) by extension 'ignore'
[0.238s] Level 1:colcon.colcon_core.package_identification:_identify(src/lab_3) by extension 'ignore_ament_install'
[0.238s] Level 1:colcon.colcon_core.package_identification:_identify(src/lab_3) by extensions ['colcon_pkg']
[0.238s] Level 1:colcon.colcon_core.package_identification:_identify(src/lab_3) by extension 'colcon_pkg'
[0.238s] Level 1:colcon.colcon_core.package_identification:_identify(src/lab_3) by extensions ['colcon_meta']
[0.238s] Level 1:colcon.colcon_core.package_identification:_identify(src/lab_3) by extension 'colcon_meta'
[0.239s] Level 1:colcon.colcon_core.package_identification:_identify(src/lab_3) by extensions ['ros']
[0.239s] Level 1:colcon.colcon_core.package_identification:_identify(src/lab_3) by extension 'ros'
[0.242s] DEBUG:colcon.colcon_core.package_identification:Package 'src/lab_3' with type 'ros.ament_python' and name 'lab_3'
[0.242s] Level 1:colcon.colcon_core.package_identification:_identify(src/log) by extensions ['ignore', 'ignore_ament_install']
[0.242s] Level 1:colcon.colcon_core.package_identification:_identify(src/log) by extension 'ignore'
[0.243s] Level 1:colcon.colcon_core.package_identification:_identify(src/log) ignored
[0.243s] Level 1:colcon.colcon_core.package_identification:_identify(src/robot_arm_urdf) by extensions ['ignore', 'ignore_ament_install']
[0.243s] Level 1:colcon.colcon_core.package_identification:_identify(src/robot_arm_urdf) by extension 'ignore'
[0.243s] Level 1:colcon.colcon_core.package_identification:_identify(src/robot_arm_urdf) by extension 'ignore_ament_install'
[0.243s] Level 1:colcon.colcon_core.package_identification:_identify(src/robot_arm_urdf) by extensions ['colcon_pkg']
[0.243s] Level 1:colcon.colcon_core.package_identification:_identify(src/robot_arm_urdf) by extension 'colcon_pkg'
[0.243s] Level 1:colcon.colcon_core.package_identification:_identify(src/robot_arm_urdf) by extensions ['colcon_meta']
[0.243s] Level 1:colcon.colcon_core.package_identification:_identify(src/robot_arm_urdf) by extension 'colcon_meta'
[0.243s] Level 1:colcon.colcon_core.package_identification:_identify(src/robot_arm_urdf) by extensions ['ros']
[0.243s] Level 1:colcon.colcon_core.package_identification:_identify(src/robot_arm_urdf) by extension 'ros'
[0.244s] DEBUG:colcon.colcon_core.package_identification:Package 'src/robot_arm_urdf' with type 'ros.ament_python' and name 'robot_arm_urdf'
[0.244s] Level 1:colcon.colcon_core.package_discovery:discover_packages(recursive) using defaults
[0.244s] Level 1:colcon.colcon_core.package_discovery:discover_packages(ignore) discover
[0.244s] Level 1:colcon.colcon_core.package_discovery:discover_packages(ignore) using defaults
[0.244s] Level 1:colcon.colcon_core.package_discovery:discover_packages(path) discover
[0.244s] Level 1:colcon.colcon_core.package_discovery:discover_packages(path) using defaults
[0.272s] Level 1:colcon.colcon_core.package_discovery:discover_packages(prefix_path) check parameters
[0.272s] Level 1:colcon.colcon_core.package_discovery:discover_packages(prefix_path) discover
[0.275s] DEBUG:colcon.colcon_installed_package_information.package_discovery:Found 2 installed packages in /home/abel/CODE/AAiT/robotics/UR5_with_ros_moveit/install
[0.277s] DEBUG:colcon.colcon_installed_package_information.package_discovery:Found 416 installed packages in /opt/ros/jazzy
[0.280s] Level 1:colcon.colcon_core.package_discovery:discover_packages(prefix_path) using defaults
[0.340s] Level 5:colcon.colcon_core.verb:set package 'lab_3' build argument 'cmake_args' from command line to 'None'
[0.340s] Level 5:colcon.colcon_core.verb:set package 'lab_3' build argument 'cmake_target' from command line to 'None'
[0.340s] Level 5:colcon.colcon_core.verb:set package 'lab_3' build argument 'cmake_target_skip_unavailable' from command line to 'False'
[0.340s] Level 5:colcon.colcon_core.verb:set package 'lab_3' build argument 'cmake_clean_cache' from command line to 'False'
[0.340s] Level 5:colcon.colcon_core.verb:set package 'lab_3' build argument 'cmake_clean_first' from command line to 'False'
[0.340s] Level 5:colcon.colcon_core.verb:set package 'lab_3' build argument 'cmake_force_configure' from command line to 'False'
[0.340s] Level 5:colcon.colcon_core.verb:set package 'lab_3' build argument 'ament_cmake_args' from command line to 'None'
[0.340s] Level 5:colcon.colcon_core.verb:set package 'lab_3' build argument 'catkin_cmake_args' from command line to 'None'
[0.340s] Level 5:colcon.colcon_core.verb:set package 'lab_3' build argument 'catkin_skip_building_tests' from command line to 'False'
[0.340s] DEBUG:colcon.colcon_core.verb:Building package 'lab_3' with the following arguments: {'ament_cmake_args': None, 'build_base': '/home/abel/CODE/AAiT/robotics/UR5_with_ros_moveit/build/lab_3', 'catkin_cmake_args': None, 'catkin_skip_building_tests': False, 'cmake_args': None, 'cmake_clean_cache': False, 'cmake_clean_first': False, 'cmake_force_configure': False, 'cmake_target': None, 'cmake_target_skip_unavailable': False, 'install_base': '/home/abel/CODE/AAiT/robotics/UR5_with_ros_moveit/install/lab_3', 'merge_install': False, 'path': '/home/abel/CODE/AAiT/robotics/UR5_with_ros_moveit/src/lab_3', 'symlink_install': False, 'test_result_base': None}
[0.340s] Level 5:colcon.colcon_core.verb:set package 'robot_arm_urdf' build argument 'cmake_args' from command line to 'None'
[0.341s] Level 5:colcon.colcon_core.verb:set package 'robot_arm_urdf' build argument 'cmake_target' from command line to 'None'
[0.341s] Level 5:colcon.colcon_core.verb:set package 'robot_arm_urdf' build argument 'cmake_target_skip_unavailable' from command line to 'False'
[0.341s] Level 5:colcon.colcon_core.verb:set package 'robot_arm_urdf' build argument 'cmake_clean_cache' from command line to 'False'
[0.341s] Level 5:colcon.colcon_core.verb:set package 'robot_arm_urdf' build argument 'cmake_clean_first' from command line to 'False'
[0.341s] Level 5:colcon.colcon_core.verb:set package 'robot_arm_urdf' build argument 'cmake_force_configure' from command line to 'False'
[0.341s] Level 5:colcon.colcon_core.verb:set package 'robot_arm_urdf' build argument 'ament_cmake_args' from command line to 'None'
[0.341s] Level 5:colcon.colcon_core.verb:set package 'robot_arm_urdf' build argument 'catkin_cmake_args' from command line to 'None'
[0.341s] Level 5:colcon.colcon_core.verb:set package 'robot_arm_urdf' build argument 'catkin_skip_building_tests' from command line to 'False'
[0.341s] DEBUG:colcon.colcon_core.verb:Building package 'robot_arm_urdf' with the following arguments: {'ament_cmake_args': None, 'build_base': '/home/abel/CODE/AAiT/robotics/UR5_with_ros_moveit/build/robot_arm_urdf', 'catkin_cmake_args': None, 'catkin_skip_building_tests': False, 'cmake_args': None, 'cmake_clean_cache': False, 'cmake_clean_first': False, 'cmake_force_configure': False, 'cmake_target': None, 'cmake_target_skip_unavailable': False, 'install_base': '/home/abel/CODE/AAiT/robotics/UR5_with_ros_moveit/install/robot_arm_urdf', 'merge_install': False, 'path': '/home/abel/CODE/AAiT/robotics/UR5_with_ros_moveit/src/robot_arm_urdf', 'symlink_install': False, 'test_result_base': None}
[0.341s] INFO:colcon.colcon_core.executor:Executing jobs using 'parallel' executor
[0.342s] DEBUG:colcon.colcon_parallel_executor.executor.parallel:run_until_complete
[0.343s] INFO:colcon.colcon_ros.task.ament_python.build:Building ROS package in '/home/abel/CODE/AAiT/robotics/UR5_with_ros_moveit/src/lab_3' with build type 'ament_python'
[0.343s] Level 1:colcon.colcon_core.shell:create_environment_hook('lab_3', 'ament_prefix_path')
[0.345s] INFO:colcon.colcon_core.plugin_system:Skipping extension 'colcon_core.shell.bat': Not used on non-Windows systems
[0.346s] INFO:colcon.colcon_core.shell:Creating environment hook '/home/abel/CODE/AAiT/robotics/UR5_with_ros_moveit/install/lab_3/share/lab_3/hook/ament_prefix_path.ps1'
[0.347s] INFO:colcon.colcon_core.shell:Creating environment descriptor '/home/abel/CODE/AAiT/robotics/UR5_with_ros_moveit/install/lab_3/share/lab_3/hook/ament_prefix_path.dsv'
[0.347s] INFO:colcon.colcon_core.shell:Creating environment hook '/home/abel/CODE/AAiT/robotics/UR5_with_ros_moveit/install/lab_3/share/lab_3/hook/ament_prefix_path.sh'
[0.348s] INFO:colcon.colcon_core.shell:Skip shell extension 'powershell' for command environment: Not usable outside of PowerShell
[0.348s] DEBUG:colcon.colcon_core.shell:Skip shell extension 'dsv' for command environment
[0.354s] INFO:colcon.colcon_ros.task.ament_python.build:Building ROS package in '/home/abel/CODE/AAiT/robotics/UR5_with_ros_moveit/src/robot_arm_urdf' with build type 'ament_python'
[0.354s] Level 1:colcon.colcon_core.shell:create_environment_hook('robot_arm_urdf', 'ament_prefix_path')
[0.355s] INFO:colcon.colcon_core.shell:Creating environment hook '/home/abel/CODE/AAiT/robotics/UR5_with_ros_moveit/install/robot_arm_urdf/share/robot_arm_urdf/hook/ament_prefix_path.ps1'
[0.356s] INFO:colcon.colcon_core.shell:Creating environment descriptor '/home/abel/CODE/AAiT/robotics/UR5_with_ros_moveit/install/robot_arm_urdf/share/robot_arm_urdf/hook/ament_prefix_path.dsv'
[0.356s] INFO:colcon.colcon_core.shell:Creating environment hook '/home/abel/CODE/AAiT/robotics/UR5_with_ros_moveit/install/robot_arm_urdf/share/robot_arm_urdf/hook/ament_prefix_path.sh'
[0.357s] INFO:colcon.colcon_core.shell:Skip shell extension 'powershell' for command environment: Not usable outside of PowerShell
[0.357s] DEBUG:colcon.colcon_core.shell:Skip shell extension 'dsv' for command environment
[0.691s] INFO:colcon.colcon_core.task.python.build:Building Python package in '/home/abel/CODE/AAiT/robotics/UR5_with_ros_moveit/src/lab_3'
[0.692s] INFO:colcon.colcon_core.shell:Skip shell extension 'powershell' for command environment: Not usable outside of PowerShell
[0.692s] DEBUG:colcon.colcon_core.shell:Skip shell extension 'dsv' for command environment
[1.121s] INFO:colcon.colcon_core.task.python.build:Building Python package in '/home/abel/CODE/AAiT/robotics/UR5_with_ros_moveit/src/robot_arm_urdf'
[1.122s] INFO:colcon.colcon_core.shell:Skip shell extension 'powershell' for command environment: Not usable outside of PowerShell
[1.122s] DEBUG:colcon.colcon_core.shell:Skip shell extension 'dsv' for command environment
[2.202s] DEBUG:colcon.colcon_core.event_handler.log_command:Invoking command in '/home/abel/CODE/AAiT/robotics/UR5_with_ros_moveit/src/robot_arm_urdf': DEBUGINFOD_URLS=https://debuginfod.ubuntu.com PYTHONPATH=/home/abel/CODE/AAiT/robotics/UR5_with_ros_moveit/build/robot_arm_urdf/prefix_override:/usr/lib/python3/dist-packages/colcon_core/task/python/colcon_distutils_commands:/home/abel/CODE/AAiT/robotics/UR5_with_ros_moveit/install/robot_arm_urdf/lib/python3.12/site-packages:${PYTHONPATH} /usr/bin/python3 -W ignore:setup.py install is deprecated -W ignore:easy_install command is deprecated setup.py egg_info --egg-base ../../build/robot_arm_urdf build --build-base /home/abel/CODE/AAiT/robotics/UR5_with_ros_moveit/build/robot_arm_urdf/build install --record /home/abel/CODE/AAiT/robotics/UR5_with_ros_moveit/build/robot_arm_urdf/install.log --single-version-externally-managed install_data
[2.210s] DEBUG:colcon.colcon_core.event_handler.log_command:Invoking command in '/home/abel/CODE/AAiT/robotics/UR5_with_ros_moveit/src/lab_3': DEBUGINFOD_URLS=https://debuginfod.ubuntu.com PYTHONPATH=/home/abel/CODE/AAiT/robotics/UR5_with_ros_moveit/build/lab_3/prefix_override:/usr/lib/python3/dist-packages/colcon_core/task/python/colcon_distutils_commands:/home/abel/CODE/AAiT/robotics/UR5_with_ros_moveit/install/lab_3/lib/python3.12/site-packages:${PYTHONPATH} /usr/bin/python3 -W ignore:setup.py install is deprecated -W ignore:easy_install command is deprecated setup.py egg_info --egg-base ../../build/lab_3 build --build-base /home/abel/CODE/AAiT/robotics/UR5_with_ros_moveit/build/lab_3/build install --record /home/abel/CODE/AAiT/robotics/UR5_with_ros_moveit/build/lab_3/install.log --single-version-externally-managed install_data
[3.147s] DEBUG:colcon.colcon_core.event_handler.log_command:Invoked command in '/home/abel/CODE/AAiT/robotics/UR5_with_ros_moveit/src/lab_3' returned '0': DEBUGINFOD_URLS=https://debuginfod.ubuntu.com PYTHONPATH=/home/abel/CODE/AAiT/robotics/UR5_with_ros_moveit/build/lab_3/prefix_override:/usr/lib/python3/dist-packages/colcon_core/task/python/colcon_distutils_commands:/home/abel/CODE/AAiT/robotics/UR5_with_ros_moveit/install/lab_3/lib/python3.12/site-packages:${PYTHONPATH} /usr/bin/python3 -W ignore:setup.py install is deprecated -W ignore:easy_install command is deprecated setup.py egg_info --egg-base ../../build/lab_3 build --build-base /home/abel/CODE/AAiT/robotics/UR5_with_ros_moveit/build/lab_3/build install --record /home/abel/CODE/AAiT/robotics/UR5_with_ros_moveit/build/lab_3/install.log --single-version-externally-managed install_data
[3.152s] Level 1:colcon.colcon_core.environment:checking '/home/abel/CODE/AAiT/robotics/UR5_with_ros_moveit/install/lab_3' for CMake module files
[3.153s] Level 1:colcon.colcon_core.environment:checking '/home/abel/CODE/AAiT/robotics/UR5_with_ros_moveit/install/lab_3' for CMake config files
[3.155s] Level 1:colcon.colcon_core.environment:checking '/home/abel/CODE/AAiT/robotics/UR5_with_ros_moveit/install/lab_3/lib'
[3.155s] Level 1:colcon.colcon_core.environment:checking '/home/abel/CODE/AAiT/robotics/UR5_with_ros_moveit/install/lab_3/bin'
[3.155s] Level 1:colcon.colcon_core.environment:checking '/home/abel/CODE/AAiT/robotics/UR5_with_ros_moveit/install/lab_3/lib/pkgconfig/lab_3.pc'
[3.156s] Level 1:colcon.colcon_core.environment:checking '/home/abel/CODE/AAiT/robotics/UR5_with_ros_moveit/install/lab_3/lib/python3.12/site-packages'
[3.156s] Level 1:colcon.colcon_core.shell:create_environment_hook('lab_3', 'pythonpath')
[3.156s] INFO:colcon.colcon_core.shell:Creating environment hook '/home/abel/CODE/AAiT/robotics/UR5_with_ros_moveit/install/lab_3/share/lab_3/hook/pythonpath.ps1'
[3.158s] INFO:colcon.colcon_core.shell:Creating environment descriptor '/home/abel/CODE/AAiT/robotics/UR5_with_ros_moveit/install/lab_3/share/lab_3/hook/pythonpath.dsv'
[3.159s] INFO:colcon.colcon_core.shell:Creating environment hook '/home/abel/CODE/AAiT/robotics/UR5_with_ros_moveit/install/lab_3/share/lab_3/hook/pythonpath.sh'
[3.160s] Level 1:colcon.colcon_core.environment:checking '/home/abel/CODE/AAiT/robotics/UR5_with_ros_moveit/install/lab_3/bin'
[3.160s] Level 1:colcon.colcon_core.environment:create_environment_scripts_only(lab_3)
[3.161s] INFO:colcon.colcon_core.shell:Creating package script '/home/abel/CODE/AAiT/robotics/UR5_with_ros_moveit/install/lab_3/share/lab_3/package.ps1'
[3.162s] INFO:colcon.colcon_core.shell:Creating package descriptor '/home/abel/CODE/AAiT/robotics/UR5_with_ros_moveit/install/lab_3/share/lab_3/package.dsv'
[3.163s] INFO:colcon.colcon_core.shell:Creating package script '/home/abel/CODE/AAiT/robotics/UR5_with_ros_moveit/install/lab_3/share/lab_3/package.sh'
[3.164s] INFO:colcon.colcon_core.shell:Creating package script '/home/abel/CODE/AAiT/robotics/UR5_with_ros_moveit/install/lab_3/share/lab_3/package.bash'
[3.165s] INFO:colcon.colcon_core.shell:Creating package script '/home/abel/CODE/AAiT/robotics/UR5_with_ros_moveit/install/lab_3/share/lab_3/package.zsh'
[3.166s] Level 1:colcon.colcon_core.environment:create_file_with_runtime_dependencies(/home/abel/CODE/AAiT/robotics/UR5_with_ros_moveit/install/lab_3/share/colcon-core/packages/lab_3)
[3.228s] Level 1:colcon.colcon_core.environment:checking '/home/abel/CODE/AAiT/robotics/UR5_with_ros_moveit/install/robot_arm_urdf' for CMake module files
[3.229s] Level 1:colcon.colcon_core.environment:checking '/home/abel/CODE/AAiT/robotics/UR5_with_ros_moveit/install/robot_arm_urdf' for CMake config files
[3.230s] DEBUG:colcon.colcon_core.event_handler.log_command:Invoked command in '/home/abel/CODE/AAiT/robotics/UR5_with_ros_moveit/src/robot_arm_urdf' returned '0': DEBUGINFOD_URLS=https://debuginfod.ubuntu.com PYTHONPATH=/home/abel/CODE/AAiT/robotics/UR5_with_ros_moveit/build/robot_arm_urdf/prefix_override:/usr/lib/python3/dist-packages/colcon_core/task/python/colcon_distutils_commands:/home/abel/CODE/AAiT/robotics/UR5_with_ros_moveit/install/robot_arm_urdf/lib/python3.12/site-packages:${PYTHONPATH} /usr/bin/python3 -W ignore:setup.py install is deprecated -W ignore:easy_install command is deprecated setup.py egg_info --egg-base ../../build/robot_arm_urdf build --build-base /home/abel/CODE/AAiT/robotics/UR5_with_ros_moveit/build/robot_arm_urdf/build install --record /home/abel/CODE/AAiT/robotics/UR5_with_ros_moveit/build/robot_arm_urdf/install.log --single-version-externally-managed install_data
[3.231s] Level 1:colcon.colcon_core.environment:checking '/home/abel/CODE/AAiT/robotics/UR5_with_ros_moveit/install/robot_arm_urdf/lib'
[3.231s] Level 1:colcon.colcon_core.environment:checking '/home/abel/CODE/AAiT/robotics/UR5_with_ros_moveit/install/robot_arm_urdf/bin'
[3.231s] Level 1:colcon.colcon_core.environment:checking '/home/abel/CODE/AAiT/robotics/UR5_with_ros_moveit/install/robot_arm_urdf/lib/pkgconfig/robot_arm_urdf.pc'
[3.232s] Level 1:colcon.colcon_core.environment:checking '/home/abel/CODE/AAiT/robotics/UR5_with_ros_moveit/install/robot_arm_urdf/lib/python3.12/site-packages'
[3.232s] Level 1:colcon.colcon_core.shell:create_environment_hook('robot_arm_urdf', 'pythonpath')
[3.233s] INFO:colcon.colcon_core.shell:Creating environment hook '/home/abel/CODE/AAiT/robotics/UR5_with_ros_moveit/install/robot_arm_urdf/share/robot_arm_urdf/hook/pythonpath.ps1'
[3.234s] INFO:colcon.colcon_core.shell:Creating environment descriptor '/home/abel/CODE/AAiT/robotics/UR5_with_ros_moveit/install/robot_arm_urdf/share/robot_arm_urdf/hook/pythonpath.dsv'
[3.234s] INFO:colcon.colcon_core.shell:Creating environment hook '/home/abel/CODE/AAiT/robotics/UR5_with_ros_moveit/install/robot_arm_urdf/share/robot_arm_urdf/hook/pythonpath.sh'
[3.236s] Level 1:colcon.colcon_core.environment:checking '/home/abel/CODE/AAiT/robotics/UR5_with_ros_moveit/install/robot_arm_urdf/bin'
[3.236s] Level 1:colcon.colcon_core.environment:create_environment_scripts_only(robot_arm_urdf)
[3.236s] INFO:colcon.colcon_core.shell:Creating package script '/home/abel/CODE/AAiT/robotics/UR5_with_ros_moveit/install/robot_arm_urdf/share/robot_arm_urdf/package.ps1'
[3.237s] INFO:colcon.colcon_core.shell:Creating package descriptor '/home/abel/CODE/AAiT/robotics/UR5_with_ros_moveit/install/robot_arm_urdf/share/robot_arm_urdf/package.dsv'
[3.237s] INFO:colcon.colcon_core.shell:Creating package script '/home/abel/CODE/AAiT/robotics/UR5_with_ros_moveit/install/robot_arm_urdf/share/robot_arm_urdf/package.sh'
[3.238s] INFO:colcon.colcon_core.shell:Creating package script '/home/abel/CODE/AAiT/robotics/UR5_with_ros_moveit/install/robot_arm_urdf/share/robot_arm_urdf/package.bash'
[3.239s] INFO:colcon.colcon_core.shell:Creating package script '/home/abel/CODE/AAiT/robotics/UR5_with_ros_moveit/install/robot_arm_urdf/share/robot_arm_urdf/package.zsh'
[3.239s] Level 1:colcon.colcon_core.environment:create_file_with_runtime_dependencies(/home/abel/CODE/AAiT/robotics/UR5_with_ros_moveit/install/robot_arm_urdf/share/colcon-core/packages/robot_arm_urdf)
[3.239s] DEBUG:colcon.colcon_parallel_executor.executor.parallel:closing loop
[3.240s] DEBUG:colcon.colcon_parallel_executor.executor.parallel:loop closed
[3.240s] DEBUG:colcon.colcon_parallel_executor.executor.parallel:run_until_complete finished with '0'
[3.241s] DEBUG:colcon.colcon_core.event_reactor:joining thread
[3.250s] INFO:colcon.colcon_core.plugin_system:Skipping extension 'colcon_notification.desktop_notification.terminal_notifier': Not used on non-Darwin systems
[3.250s] INFO:colcon.colcon_core.plugin_system:Skipping extension 'colcon_notification.desktop_notification.win32': Not used on non-Windows systems
[3.250s] INFO:colcon.colcon_notification.desktop_notification:Sending desktop notification using 'notify2'
[3.277s] DEBUG:colcon.colcon_core.event_reactor:joined thread
[3.278s] INFO:colcon.colcon_core.shell:Creating prefix script '/home/abel/CODE/AAiT/robotics/UR5_with_ros_moveit/install/local_setup.ps1'
[3.280s] INFO:colcon.colcon_core.shell:Creating prefix util module '/home/abel/CODE/AAiT/robotics/UR5_with_ros_moveit/install/_local_setup_util_ps1.py'
[3.283s] INFO:colcon.colcon_core.shell:Creating prefix chain script '/home/abel/CODE/AAiT/robotics/UR5_with_ros_moveit/install/setup.ps1'
[3.285s] INFO:colcon.colcon_core.shell:Creating prefix script '/home/abel/CODE/AAiT/robotics/UR5_with_ros_moveit/install/local_setup.sh'
[3.287s] INFO:colcon.colcon_core.shell:Creating prefix util module '/home/abel/CODE/AAiT/robotics/UR5_with_ros_moveit/install/_local_setup_util_sh.py'
[3.288s] INFO:colcon.colcon_core.shell:Creating prefix chain script '/home/abel/CODE/AAiT/robotics/UR5_with_ros_moveit/install/setup.sh'
[3.291s] INFO:colcon.colcon_core.shell:Creating prefix script '/home/abel/CODE/AAiT/robotics/UR5_with_ros_moveit/install/local_setup.bash'
[3.292s] INFO:colcon.colcon_core.shell:Creating prefix chain script '/home/abel/CODE/AAiT/robotics/UR5_with_ros_moveit/install/setup.bash'
[3.295s] INFO:colcon.colcon_core.shell:Creating prefix script '/home/abel/CODE/AAiT/robotics/UR5_with_ros_moveit/install/local_setup.zsh'
[3.296s] INFO:colcon.colcon_core.shell:Creating prefix chain script '/home/abel/CODE/AAiT/robotics/UR5_with_ros_moveit/install/setup.zsh'
