[1.745s] Invoking command in '/home/abel/CODE/AAiT/robotics/UR5_with_ros_moveit/src/lab_3': DEBUGINFOD_URLS=https://debuginfod.ubuntu.com PYTHONPATH=/home/abel/CODE/AAiT/robotics/UR5_with_ros_moveit/build/lab_3/prefix_override:/usr/lib/python3/dist-packages/colcon_core/task/python/colcon_distutils_commands:/home/abel/CODE/AAiT/robotics/UR5_with_ros_moveit/install/lab_3/lib/python3.12/site-packages:${PYTHONPATH} /usr/bin/python3 -W ignore:setup.py install is deprecated -W ignore:easy_install command is deprecated setup.py egg_info --egg-base ../../build/lab_3 build --build-base /home/abel/CODE/AAiT/robotics/UR5_with_ros_moveit/build/lab_3/build install --record /home/abel/CODE/AAiT/robotics/UR5_with_ros_moveit/build/lab_3/install.log --single-version-externally-managed install_data
[2.189s] running egg_info
[2.222s] writing ../../build/lab_3/lab_3.egg-info/PKG-INFO
[2.223s] writing dependency_links to ../../build/lab_3/lab_3.egg-info/dependency_links.txt
[2.223s] writing requirements to ../../build/lab_3/lab_3.egg-info/requires.txt
[2.223s] writing top-level names to ../../build/lab_3/lab_3.egg-info/top_level.txt
[2.284s] reading manifest file '../../build/lab_3/lab_3.egg-info/SOURCES.txt'
[2.284s] adding license file 'LICENSE'
[2.285s] writing manifest file '../../build/lab_3/lab_3.egg-info/SOURCES.txt'
[2.285s] running build
[2.285s] running build_py
[2.286s] running install
[2.297s] running install_lib
[2.340s] running install_data
[2.340s] running install_egg_info
[2.377s] removing '/home/abel/CODE/AAiT/robotics/UR5_with_ros_moveit/install/lab_3/lib/python3.12/site-packages/lab_3-0.0.0-py3.12.egg-info' (and everything under it)
[2.377s] Copying ../../build/lab_3/lab_3.egg-info to /home/abel/CODE/AAiT/robotics/UR5_with_ros_moveit/install/lab_3/lib/python3.12/site-packages/lab_3-0.0.0-py3.12.egg-info
[2.378s] running install_scripts
[2.603s] writing list of installed files to '/home/abel/CODE/AAiT/robotics/UR5_with_ros_moveit/build/lab_3/install.log'
[2.672s] Invoked command in '/home/abel/CODE/AAiT/robotics/UR5_with_ros_moveit/src/lab_3' returned '0': DEBUGINFOD_URLS=https://debuginfod.ubuntu.com PYTHONPATH=/home/abel/CODE/AAiT/robotics/UR5_with_ros_moveit/build/lab_3/prefix_override:/usr/lib/python3/dist-packages/colcon_core/task/python/colcon_distutils_commands:/home/abel/CODE/AAiT/robotics/UR5_with_ros_moveit/install/lab_3/lib/python3.12/site-packages:${PYTHONPATH} /usr/bin/python3 -W ignore:setup.py install is deprecated -W ignore:easy_install command is deprecated setup.py egg_info --egg-base ../../build/lab_3 build --build-base /home/abel/CODE/AAiT/robotics/UR5_with_ros_moveit/build/lab_3/build install --record /home/abel/CODE/AAiT/robotics/UR5_with_ros_moveit/build/lab_3/install.log --single-version-externally-managed install_data
